{ root: '/Users/juchao/ToDaM/EagleEyeH5',
  registry: 'https://registry.npm.taobao.org',
  pkgs: [ { name: 'vue-svg-icon', version: '*', type: 'tag' } ],
  production: false,
  cacheDir: '/Users/juchao/.npminstall_tarball',
  env: 
   { npm_config_registry: 'https://registry.npm.taobao.org',
     npm_config_argv: '{"remain":[],"cooked":["--china","--userconfig=/Users/juchao/.cnpmrc","--disturl=https://npm.taobao.org/mirrors/node","--registry=https://registry.npm.taobao.org","vue-svg-icon","-D"],"original":["--china","--userconfig=/Users/juchao/.cnpmrc","--disturl=https://npm.taobao.org/mirrors/node","--registry=https://registry.npm.taobao.org","vue-svg-icon","-D"]}',
     NODE: '/usr/local/bin/node',
     npm_node_execpath: '/usr/local/bin/node',
     npm_execpath: '/usr/local/lib/node_modules/cnpm/node_modules/npminstall/bin/install.js',
     npm_rootpath: '/Users/juchao/ToDaM/EagleEyeH5',
     npm_config_userconfig: '/Users/juchao/.cnpmrc',
     npm_config_disturl: 'https://npm.taobao.org/mirrors/node',
     npm_config_r: 'https://registry.npm.taobao.org',
     NODEJS_ORG_MIRROR: 'https://cdn.npm.taobao.org/dist/node',
     NVM_NODEJS_ORG_MIRROR: 'https://cdn.npm.taobao.org/dist/node',
     NVM_IOJS_ORG_MIRROR: 'https://cdn.npm.taobao.org/dist/iojs',
     PHANTOMJS_CDNURL: 'https://cdn.npm.taobao.org/dist/phantomjs',
     CHROMEDRIVER_CDNURL: 'https://cdn.npm.taobao.org/dist/chromedriver',
     OPERADRIVER_CDNURL: 'https://cdn.npm.taobao.org/dist/operadriver',
     ELECTRON_MIRROR: 'https://cdn.npm.taobao.org/dist/electron/',
     SASS_BINARY_SITE: 'https://cdn.npm.taobao.org/dist/node-sass',
     FLOW_BINARY_MIRROR: 'https://github.com/facebook/flow/releases/download/v',
     NWJS_URLBASE: 'https://cdn.npm.taobao.org/dist/nwjs/v',
     PUPPETEER_DOWNLOAD_HOST: 'https://cdn.npm.taobao.org/dist',
     SENTRYCLI_CDNURL: 'https://npm.taobao.org/mirrors/sentry-cli',
     npm_config_cache: '/Users/juchao/.npminstall_tarball' },
  binaryMirrors: 
   { ENVS: 
      { NODEJS_ORG_MIRROR: 'https://cdn.npm.taobao.org/dist/node',
        NVM_NODEJS_ORG_MIRROR: 'https://cdn.npm.taobao.org/dist/node',
        NVM_IOJS_ORG_MIRROR: 'https://cdn.npm.taobao.org/dist/iojs',
        PHANTOMJS_CDNURL: 'https://cdn.npm.taobao.org/dist/phantomjs',
        CHROMEDRIVER_CDNURL: 'https://cdn.npm.taobao.org/dist/chromedriver',
        OPERADRIVER_CDNURL: 'https://cdn.npm.taobao.org/dist/operadriver',
        ELECTRON_MIRROR: 'https://cdn.npm.taobao.org/dist/electron/',
        SASS_BINARY_SITE: 'https://cdn.npm.taobao.org/dist/node-sass',
        FLOW_BINARY_MIRROR: 'https://github.com/facebook/flow/releases/download/v',
        NWJS_URLBASE: 'https://cdn.npm.taobao.org/dist/nwjs/v',
        PUPPETEER_DOWNLOAD_HOST: 'https://cdn.npm.taobao.org/dist',
        SENTRYCLI_CDNURL: 'https://npm.taobao.org/mirrors/sentry-cli' },
     cypress: { host: 'https://cdn.npm.taobao.org/dist/cypress' },
     'utf-8-validate': { host: 'https://cdn.npm.taobao.org/dist/utf-8-validate/v{version}' },
     leveldown: { host: 'https://cdn.npm.taobao.org/dist/leveldown/v{version}' },
     'leveldown-hyper': { host: 'https://cdn.npm.taobao.org/dist/leveldown-hyper/v{version}' },
     zeromq: { host: 'https://cdn.npm.taobao.org/dist/zeromq/v{version}' },
     mknod: { host: 'https://cdn.npm.taobao.org/dist/mknod/v{version}' },
     couchbase: { host: 'https://cdn.npm.taobao.org/dist/couchbase/v{version}' },
     'sodium-prebuilt': { host: 'https://cdn.npm.taobao.org/dist/sodium-prebuilt/v{version}' },
     'utp-native': { host: 'https://cdn.npm.taobao.org/dist/utp-native/v{version}' },
     'node-tk5': { host: 'https://cdn.npm.taobao.org/dist/node-tk5/v{version}' },
     'fuse-bindings': { host: 'https://cdn.npm.taobao.org/dist/fuse-bindings/v{version}' },
     'zmq-prebuilt': { host: 'https://cdn.npm.taobao.org/dist/zmq-prebuilt/v{version}' },
     gl: { host: 'https://cdn.npm.taobao.org/dist/gl/v{version}' },
     hackrf: { host: 'https://cdn.npm.taobao.org/dist/hackrf/v{version}' },
     rabin: { host: 'https://cdn.npm.taobao.org/dist/rabin/v{version}' },
     'v8-debug': { host: 'https://cdn.npm.taobao.org/dist/node-inspector' },
     'v8-profiler': { host: 'https://cdn.npm.taobao.org/dist/node-inspector' },
     sqlite3: { host: 'https://cdn.npm.taobao.org/dist' },
     grpc: 
      { host: 'https://cdn.npm.taobao.org/dist',
        remote_path: '{name}/v{version}' },
     fsevents: { host: 'https://cdn.npm.taobao.org/dist/fsevents' },
     nodegit: { host: 'https://cdn.npm.taobao.org/dist/nodegit/v{version}' },
     'canvas-prebuilt': { host: 'https://cdn.npm.taobao.org/dist/canvas-prebuilt' },
     'flow-bin': 
      { replaceHost: 'https://github.com/facebook/flow/releases/download/v',
        host: 'https://cdn.npm.taobao.org/dist/flow/v' },
     'jpegtran-bin': 
      { replaceHost: [Array],
        host: 'https://npm.taobao.org/mirrors/jpegtran-bin' },
     'cwebp-bin': 
      { replaceHost: [Array],
        host: 'https://npm.taobao.org/mirrors/cwebp-bin' },
     'zopflipng-bin': 
      { replaceHost: [Array],
        host: 'https://npm.taobao.org/mirrors/zopflipng-bin' },
     'optipng-bin': 
      { replaceHost: [Array],
        host: 'https://npm.taobao.org/mirrors/optipng-bin' },
     mozjpeg: 
      { replaceHost: [Array],
        host: 'https://npm.taobao.org/mirrors/mozjpeg-bin' },
     gifsicle: 
      { replaceHost: [Array],
        host: 'https://npm.taobao.org/mirrors/gifsicle-bin' },
     'pngquant-bin': 
      { replaceHost: [Array],
        host: 'https://npm.taobao.org/mirrors/pngquant-bin',
        replaceHostMap: [Object] },
     'pngcrush-bin': 
      { replaceHost: [Array],
        host: 'https://npm.taobao.org/mirrors/pngcrush-bin' },
     'jpeg-recompress-bin': 
      { replaceHost: [Array],
        host: 'https://npm.taobao.org/mirrors/jpeg-recompress-bin' },
     'advpng-bin': 
      { replaceHost: [Array],
        host: 'https://npm.taobao.org/mirrors/advpng-bin' },
     'pngout-bin': 
      { replaceHost: [Array],
        host: 'https://npm.taobao.org/mirrors/pngout-bin' },
     'jpegoptim-bin': 
      { replaceHost: [Array],
        host: 'https://npm.taobao.org/mirrors/jpegoptim-bin' },
     vscode: { replaceHostRegExpMap: [Object] } },
  forbiddenLicenses: null,
  strictSSL: true,
  ignoreScripts: false,
  detail: false,
  events: 
   EventEmitter {
     domain: null,
     _events: {},
     _eventsCount: 0,
     _maxListeners: 0,
     await: [Function: await] },
  postInstallTasks: [],
  peerDependencies: [],
  latestVersions: 
   Map {
     'vue-svg-icon' => '1.2.9',
     'babel-preset-stage-2' => '6.24.1',
     'vue' => '2.5.17',
     'babel-preset-es2015' => '6.24.1',
     'babel-plugin-check-es2015-constants' => '6.22.0',
     'babel-plugin-transform-es2015-classes' => '6.24.1',
     'babel-plugin-transform-es2015-block-scoping' => '6.26.0',
     'babel-plugin-transform-es2015-arrow-functions' => '6.22.0',
     'babel-plugin-transform-es2015-block-scoped-functions' => '6.22.0',
     'babel-plugin-transform-es2015-modules-systemjs' => '6.24.1',
     'babel-plugin-transform-es2015-modules-commonjs' => '6.26.2',
     'babel-plugin-transform-es2015-modules-umd' => '6.24.1',
     'babel-plugin-transform-es2015-object-super' => '6.24.1',
     'babel-plugin-transform-es2015-shorthand-properties' => '6.24.1',
     'babel-plugin-transform-es2015-destructuring' => '6.23.0',
     'babel-plugin-transform-es2015-literals' => '6.22.0',
     'babel-plugin-transform-es2015-parameters' => '6.24.1',
     'babel-plugin-transform-es2015-duplicate-keys' => '6.24.1',
     'babel-plugin-transform-es2015-spread' => '6.22.0',
     'babel-plugin-transform-es2015-template-literals' => '6.22.0',
     'babel-plugin-transform-es2015-for-of' => '6.23.0',
     'babel-plugin-transform-regenerator' => '6.26.0',
     'xml-loader' => '1.1.0',
     'babel-plugin-transform-es2015-function-name' => '6.24.1',
     'babel-plugin-transform-es2015-computed-properties' => '6.24.1',
     'babel-plugin-transform-es2015-unicode-regex' => '6.24.1',
     'babel-plugin-transform-es2015-typeof-symbol' => '6.23.0',
     'loader-utils' => '0.2.17',
     'xml2js' => '0.4.19',
     'babel-plugin-transform-es2015-modules-amd' => '6.24.1',
     'sax' => '1.2.4',
     'babel-plugin-transform-es2015-sticky-regex' => '6.24.1',
     'xmlbuilder' => '9.0.7',
     'webpack' => '1.15.0',
     'supports-color' => '3.2.3',
     'clone' => '1.0.4',
     'mkdirp' => '0.5.1',
     'async' => '1.5.2',
     'tapable' => '0.1.10',
     'node-libs-browser' => '0.7.0',
     'memory-fs' => '0.3.0',
     'watchpack' => '0.2.9',
     'assert' => '1.4.1',
     'constants-browserify' => '1.0.0',
     'domain-browser' => '1.2.0',
     'events' => '1.1.1',
     'buffer' => '4.9.1',
     'console-browserify' => '1.1.0',
     'enhanced-resolve' => '0.9.1',
     'path-browserify' => '0.0.0',
     'stream-browserify' => '2.0.1',
     'punycode' => '1.4.1',
     'readable-stream' => '2.3.6',
     'https-browserify' => '0.0.1',
     'process' => '0.11.10',
     'string_decoder' => '0.10.31',
     'querystring-es3' => '0.2.1',
     'url' => '0.11.0',
     'timers-browserify' => '2.0.10',
     'webpack-core' => '0.6.9',
     'optimist' => '0.6.1',
     'tty-browserify' => '0.0.0',
     'os-browserify' => '0.2.1',
     'errno' => '0.1.7',
     'vm-browserify' => '0.0.4',
     'interpret' => '0.6.6',
     'graceful-fs' => '4.1.11',
     'util' => '0.10.4',
     'uglify-js' => '2.7.5',
     'browserify-zlib' => '0.1.4',
     'stream-http' => '2.8.3',
     'acorn' => '3.3.0',
     'uglify-to-browserify' => '1.0.2',
     'source-map' => '0.5.7',
     'wordwrap' => '0.0.3',
     'source-list-map' => '0.1.8',
     'pako' => '0.2.9',
     'crypto-browserify' => '3.3.0',
     'chokidar' => '1.7.0',
     'ripemd160' => '0.2.0',
     'pbkdf2-compat' => '2.0.1',
     'async-each' => '1.0.1',
     'is-binary-path' => '1.0.1',
     'glob-parent' => '2.0.0',
     'inherits' => '2.0.3',
     'fsevents' => '1.2.4',
     'is-glob' => '2.0.1',
     'path-is-absolute' => '1.0.1',
     'minimist' => '0.0.10',
     'browserify-aes' => '0.4.0',
     'yargs' => '3.10.0',
     'sha.js' => '2.2.6',
     'readdirp' => '2.2.1',
     'anymatch' => '1.3.2',
     'micromatch' => '2.3.11',
     'normalize-path' => '2.1.1' },
  latestPackages: Map {},
  cache: 
   { 'download:vue-svg-icon@1.2.9': { done: true },
     'install:vue-svg-icon@*': 
      { package: [Object],
        dir: '/Users/juchao/ToDaM/EagleEyeH5/node_modules/.1.2.9@vue-svg-icon' },
     'download:babel-preset-stage-2@6.24.1': { done: true },
     'install:babel-preset-stage-2@^6.0.0': 
      { package: [Object],
        dir: '/Users/juchao/ToDaM/EagleEyeH5/node_modules/.6.24.1@babel-preset-stage-2' },
     'install:babel-preset-stage-2:range:7.0.0': 
      { package: [Object],
        dir: '/Users/juchao/ToDaM/EagleEyeH5/node_modules/.6.24.1@babel-preset-stage-2' },
     'download:xml-loader@1.1.0': { done: true },
     'download:vue@2.5.17': { done: true },
     'download:webpack@1.15.0': { done: true },
     'install:vue@^2.0.1': 
      { package: [Object],
        dir: '/Users/juchao/ToDaM/EagleEyeH5/node_modules/.2.5.17@vue' },
     'install:vue:range:3.0.0': 
      { package: [Object],
        dir: '/Users/juchao/ToDaM/EagleEyeH5/node_modules/.2.5.17@vue' },
     'download:babel-preset-es2015@6.24.1': { done: true },
     'install:babel-preset-es2015@^6.24.0': 
      { package: [Object],
        dir: '/Users/juchao/ToDaM/EagleEyeH5/node_modules/.6.24.1@babel-preset-es2015' },
     'install:babel-preset-es2015:range:7.0.0': 
      { package: [Object],
        dir: '/Users/juchao/ToDaM/EagleEyeH5/node_modules/.6.24.1@babel-preset-es2015' },
     'download:babel-plugin-check-es2015-constants@6.22.0': { done: true },
     'install:babel-plugin-check-es2015-constants@^6.22.0': 
      { package: [Object],
        dir: '/Users/juchao/ToDaM/EagleEyeH5/node_modules/.6.22.0@babel-plugin-check-es2015-constants' },
     'install:babel-plugin-check-es2015-constants:range:7.0.0': 
      { package: [Object],
        dir: '/Users/juchao/ToDaM/EagleEyeH5/node_modules/.6.22.0@babel-plugin-check-es2015-constants' },
     'download:babel-plugin-transform-es2015-classes@6.24.1': { done: true },
     'install:babel-plugin-transform-es2015-classes@^6.24.1': 
      { package: [Object],
        dir: '/Users/juchao/ToDaM/EagleEyeH5/node_modules/.6.24.1@babel-plugin-transform-es2015-classes' },
     'install:babel-plugin-transform-es2015-classes:range:7.0.0': 
      { package: [Object],
        dir: '/Users/juchao/ToDaM/EagleEyeH5/node_modules/.6.24.1@babel-plugin-transform-es2015-classes' },
     'download:babel-plugin-transform-es2015-block-scoping@6.26.0': { done: true },
     'install:babel-plugin-transform-es2015-block-scoping@^6.24.1': 
      { package: [Object],
        dir: '/Users/juchao/ToDaM/EagleEyeH5/node_modules/.6.26.0@babel-plugin-transform-es2015-block-scoping' },
     'install:babel-plugin-transform-es2015-block-scoping:range:7.0.0': 
      { package: [Object],
        dir: '/Users/juchao/ToDaM/EagleEyeH5/node_modules/.6.26.0@babel-plugin-transform-es2015-block-scoping' },
     'download:babel-plugin-transform-es2015-arrow-functions@6.22.0': { done: true },
     'install:babel-plugin-transform-es2015-arrow-functions@^6.22.0': 
      { package: [Object],
        dir: '/Users/juchao/ToDaM/EagleEyeH5/node_modules/.6.22.0@babel-plugin-transform-es2015-arrow-functions' },
     'install:babel-plugin-transform-es2015-arrow-functions:range:7.0.0': 
      { package: [Object],
        dir: '/Users/juchao/ToDaM/EagleEyeH5/node_modules/.6.22.0@babel-plugin-transform-es2015-arrow-functions' },
     'download:babel-plugin-transform-es2015-block-scoped-functions@6.22.0': { done: true },
     'install:babel-plugin-transform-es2015-block-scoped-functions@^6.22.0': 
      { package: [Object],
        dir: '/Users/juchao/ToDaM/EagleEyeH5/node_modules/.6.22.0@babel-plugin-transform-es2015-block-scoped-functions' },
     'install:babel-plugin-transform-es2015-block-scoped-functions:range:7.0.0': 
      { package: [Object],
        dir: '/Users/juchao/ToDaM/EagleEyeH5/node_modules/.6.22.0@babel-plugin-transform-es2015-block-scoped-functions' },
     'download:babel-plugin-transform-es2015-modules-commonjs@6.26.2': { done: true },
     'download:babel-plugin-transform-es2015-modules-systemjs@6.24.1': { done: true },
     'install:babel-plugin-transform-es2015-modules-systemjs@^6.24.1': 
      { package: [Object],
        dir: '/Users/juchao/ToDaM/EagleEyeH5/node_modules/.6.24.1@babel-plugin-transform-es2015-modules-systemjs' },
     'install:babel-plugin-transform-es2015-modules-systemjs:range:7.0.0': 
      { package: [Object],
        dir: '/Users/juchao/ToDaM/EagleEyeH5/node_modules/.6.24.1@babel-plugin-transform-es2015-modules-systemjs' },
     'install:babel-plugin-transform-es2015-modules-commonjs@^6.24.1': 
      { package: [Object],
        dir: '/Users/juchao/ToDaM/EagleEyeH5/node_modules/.6.26.2@babel-plugin-transform-es2015-modules-commonjs' },
     'install:babel-plugin-transform-es2015-modules-commonjs:range:7.0.0': 
      { package: [Object],
        dir: '/Users/juchao/ToDaM/EagleEyeH5/node_modules/.6.26.2@babel-plugin-transform-es2015-modules-commonjs' },
     'download:babel-plugin-transform-es2015-modules-umd@6.24.1': { done: true },
     'install:babel-plugin-transform-es2015-modules-umd@^6.24.1': 
      { package: [Object],
        dir: '/Users/juchao/ToDaM/EagleEyeH5/node_modules/.6.24.1@babel-plugin-transform-es2015-modules-umd' },
     'install:babel-plugin-transform-es2015-modules-umd:range:7.0.0': 
      { package: [Object],
        dir: '/Users/juchao/ToDaM/EagleEyeH5/node_modules/.6.24.1@babel-plugin-transform-es2015-modules-umd' },
     'download:babel-plugin-transform-es2015-object-super@6.24.1': { done: true },
     'install:babel-plugin-transform-es2015-object-super@^6.24.1': 
      { package: [Object],
        dir: '/Users/juchao/ToDaM/EagleEyeH5/node_modules/.6.24.1@babel-plugin-transform-es2015-object-super' },
     'install:babel-plugin-transform-es2015-object-super:range:7.0.0': 
      { package: [Object],
        dir: '/Users/juchao/ToDaM/EagleEyeH5/node_modules/.6.24.1@babel-plugin-transform-es2015-object-super' },
     'download:babel-plugin-transform-es2015-shorthand-properties@6.24.1': { done: true },
     'install:babel-plugin-transform-es2015-shorthand-properties@^6.24.1': 
      { package: [Object],
        dir: '/Users/juchao/ToDaM/EagleEyeH5/node_modules/.6.24.1@babel-plugin-transform-es2015-shorthand-properties' },
     'install:babel-plugin-transform-es2015-shorthand-properties:range:7.0.0': 
      { package: [Object],
        dir: '/Users/juchao/ToDaM/EagleEyeH5/node_modules/.6.24.1@babel-plugin-transform-es2015-shorthand-properties' },
     'download:babel-plugin-transform-es2015-destructuring@6.23.0': { done: true },
     'install:babel-plugin-transform-es2015-destructuring@^6.22.0': 
      { package: [Object],
        dir: '/Users/juchao/ToDaM/EagleEyeH5/node_modules/.6.23.0@babel-plugin-transform-es2015-destructuring' },
     'install:babel-plugin-transform-es2015-destructuring:range:7.0.0': 
      { package: [Object],
        dir: '/Users/juchao/ToDaM/EagleEyeH5/node_modules/.6.23.0@babel-plugin-transform-es2015-destructuring' },
     'download:babel-plugin-transform-es2015-literals@6.22.0': { done: true },
     'download:babel-plugin-transform-es2015-parameters@6.24.1': { done: true },
     'install:babel-plugin-transform-es2015-literals@^6.22.0': 
      { package: [Object],
        dir: '/Users/juchao/ToDaM/EagleEyeH5/node_modules/.6.22.0@babel-plugin-transform-es2015-literals' },
     'install:babel-plugin-transform-es2015-literals:range:7.0.0': 
      { package: [Object],
        dir: '/Users/juchao/ToDaM/EagleEyeH5/node_modules/.6.22.0@babel-plugin-transform-es2015-literals' },
     'download:babel-plugin-transform-es2015-duplicate-keys@6.24.1': { done: true },
     'install:babel-plugin-transform-es2015-parameters@^6.24.1': 
      { package: [Object],
        dir: '/Users/juchao/ToDaM/EagleEyeH5/node_modules/.6.24.1@babel-plugin-transform-es2015-parameters' },
     'install:babel-plugin-transform-es2015-parameters:range:7.0.0': 
      { package: [Object],
        dir: '/Users/juchao/ToDaM/EagleEyeH5/node_modules/.6.24.1@babel-plugin-transform-es2015-parameters' },
     'install:babel-plugin-transform-es2015-duplicate-keys@^6.24.1': 
      { package: [Object],
        dir: '/Users/juchao/ToDaM/EagleEyeH5/node_modules/.6.24.1@babel-plugin-transform-es2015-duplicate-keys' },
     'install:babel-plugin-transform-es2015-duplicate-keys:range:7.0.0': 
      { package: [Object],
        dir: '/Users/juchao/ToDaM/EagleEyeH5/node_modules/.6.24.1@babel-plugin-transform-es2015-duplicate-keys' },
     'download:babel-plugin-transform-es2015-spread@6.22.0': { done: true },
     'install:babel-plugin-transform-es2015-spread@^6.22.0': 
      { package: [Object],
        dir: '/Users/juchao/ToDaM/EagleEyeH5/node_modules/.6.22.0@babel-plugin-transform-es2015-spread' },
     'install:babel-plugin-transform-es2015-spread:range:7.0.0': 
      { package: [Object],
        dir: '/Users/juchao/ToDaM/EagleEyeH5/node_modules/.6.22.0@babel-plugin-transform-es2015-spread' },
     'download:babel-plugin-transform-es2015-template-literals@6.22.0': { done: true },
     'install:babel-plugin-transform-es2015-template-literals@^6.22.0': 
      { package: [Object],
        dir: '/Users/juchao/ToDaM/EagleEyeH5/node_modules/.6.22.0@babel-plugin-transform-es2015-template-literals' },
     'install:babel-plugin-transform-es2015-template-literals:range:7.0.0': 
      { package: [Object],
        dir: '/Users/juchao/ToDaM/EagleEyeH5/node_modules/.6.22.0@babel-plugin-transform-es2015-template-literals' },
     'download:babel-plugin-transform-es2015-for-of@6.23.0': { done: true },
     'download:babel-plugin-transform-regenerator@6.26.0': { done: true },
     'install:babel-plugin-transform-es2015-for-of@^6.22.0': 
      { package: [Object],
        dir: '/Users/juchao/ToDaM/EagleEyeH5/node_modules/.6.23.0@babel-plugin-transform-es2015-for-of' },
     'install:babel-plugin-transform-es2015-for-of:range:7.0.0': 
      { package: [Object],
        dir: '/Users/juchao/ToDaM/EagleEyeH5/node_modules/.6.23.0@babel-plugin-transform-es2015-for-of' },
     'install:babel-plugin-transform-regenerator@^6.24.1': 
      { package: [Object],
        dir: '/Users/juchao/ToDaM/EagleEyeH5/node_modules/.6.26.0@babel-plugin-transform-regenerator' },
     'install:babel-plugin-transform-regenerator:range:7.0.0': 
      { package: [Object],
        dir: '/Users/juchao/ToDaM/EagleEyeH5/node_modules/.6.26.0@babel-plugin-transform-regenerator' },
     'install:xml-loader@1.1.0': 
      { package: [Object],
        dir: '/Users/juchao/ToDaM/EagleEyeH5/node_modules/.1.1.0@xml-loader' },
     'download:babel-plugin-transform-es2015-function-name@6.24.1': { done: true },
     'install:babel-plugin-transform-es2015-function-name@^6.24.1': 
      { package: [Object],
        dir: '/Users/juchao/ToDaM/EagleEyeH5/node_modules/.6.24.1@babel-plugin-transform-es2015-function-name' },
     'install:babel-plugin-transform-es2015-function-name:range:7.0.0': 
      { package: [Object],
        dir: '/Users/juchao/ToDaM/EagleEyeH5/node_modules/.6.24.1@babel-plugin-transform-es2015-function-name' },
     'download:babel-plugin-transform-es2015-computed-properties@6.24.1': { done: true },
     'install:babel-plugin-transform-es2015-computed-properties@^6.24.1': 
      { package: [Object],
        dir: '/Users/juchao/ToDaM/EagleEyeH5/node_modules/.6.24.1@babel-plugin-transform-es2015-computed-properties' },
     'install:babel-plugin-transform-es2015-computed-properties:range:7.0.0': 
      { package: [Object],
        dir: '/Users/juchao/ToDaM/EagleEyeH5/node_modules/.6.24.1@babel-plugin-transform-es2015-computed-properties' },
     'download:babel-plugin-transform-es2015-unicode-regex@6.24.1': { done: true },
     'install:babel-plugin-transform-es2015-unicode-regex@^6.24.1': 
      { package: [Object],
        dir: '/Users/juchao/ToDaM/EagleEyeH5/node_modules/.6.24.1@babel-plugin-transform-es2015-unicode-regex' },
     'install:babel-plugin-transform-es2015-unicode-regex:range:7.0.0': 
      { package: [Object],
        dir: '/Users/juchao/ToDaM/EagleEyeH5/node_modules/.6.24.1@babel-plugin-transform-es2015-unicode-regex' },
     'download:babel-plugin-transform-es2015-typeof-symbol@6.23.0': { done: true },
     'install:babel-plugin-transform-es2015-typeof-symbol@^6.22.0': 
      { package: [Object],
        dir: '/Users/juchao/ToDaM/EagleEyeH5/node_modules/.6.23.0@babel-plugin-transform-es2015-typeof-symbol' },
     'install:babel-plugin-transform-es2015-typeof-symbol:range:7.0.0': 
      { package: [Object],
        dir: '/Users/juchao/ToDaM/EagleEyeH5/node_modules/.6.23.0@babel-plugin-transform-es2015-typeof-symbol' },
     'download:xml2js@0.4.19': { done: true },
     'download:loader-utils@0.2.17': { done: true },
     'install:loader-utils@0.2.x': 
      { package: [Object],
        dir: '/Users/juchao/ToDaM/EagleEyeH5/node_modules/.0.2.17@loader-utils' },
     'install:loader-utils:range:0.3.0': 
      { package: [Object],
        dir: '/Users/juchao/ToDaM/EagleEyeH5/node_modules/.0.2.17@loader-utils' },
     'install:xml2js@^0.4.16': 
      { package: [Object],
        dir: '/Users/juchao/ToDaM/EagleEyeH5/node_modules/.0.4.19@xml2js' },
     'install:xml2js:range:0.5.0': 
      { package: [Object],
        dir: '/Users/juchao/ToDaM/EagleEyeH5/node_modules/.0.4.19@xml2js' },
     'download:babel-plugin-transform-es2015-modules-amd@6.24.1': { done: true },
     'install:babel-plugin-transform-es2015-modules-amd@^6.24.1': 
      { package: [Object],
        dir: '/Users/juchao/ToDaM/EagleEyeH5/node_modules/.6.24.1@babel-plugin-transform-es2015-modules-amd' },
     'install:babel-plugin-transform-es2015-modules-amd:range:7.0.0': 
      { package: [Object],
        dir: '/Users/juchao/ToDaM/EagleEyeH5/node_modules/.6.24.1@babel-plugin-transform-es2015-modules-amd' },
     'download:sax@1.2.4': { done: true },
     'install:sax@>=0.6.0': 
      { package: [Object],
        dir: '/Users/juchao/ToDaM/EagleEyeH5/node_modules/.1.2.4@sax' },
     'download:xmlbuilder@9.0.7': { done: true },
     'download:babel-plugin-transform-es2015-sticky-regex@6.24.1': { done: true },
     'install:babel-plugin-transform-es2015-sticky-regex@^6.24.1': 
      { package: [Object],
        dir: '/Users/juchao/ToDaM/EagleEyeH5/node_modules/.6.24.1@babel-plugin-transform-es2015-sticky-regex' },
     'install:babel-plugin-transform-es2015-sticky-regex:range:7.0.0': 
      { package: [Object],
        dir: '/Users/juchao/ToDaM/EagleEyeH5/node_modules/.6.24.1@babel-plugin-transform-es2015-sticky-regex' },
     'install:xmlbuilder@~9.0.1': 
      { package: [Object],
        dir: '/Users/juchao/ToDaM/EagleEyeH5/node_modules/.9.0.7@xmlbuilder' },
     'install:xmlbuilder:range:9.1.0': 
      { package: [Object],
        dir: '/Users/juchao/ToDaM/EagleEyeH5/node_modules/.9.0.7@xmlbuilder' },
     'install:webpack@^1.13.2': 
      { package: [Object],
        dir: '/Users/juchao/ToDaM/EagleEyeH5/node_modules/.1.15.0@webpack' },
     'install:webpack:range:2.0.0': 
      { package: [Object],
        dir: '/Users/juchao/ToDaM/EagleEyeH5/node_modules/.1.15.0@webpack' },
     'download:acorn@3.3.0': { done: true },
     'download:supports-color@3.2.3': { done: true },
     'download:clone@1.0.4': { done: true },
     'download:mkdirp@0.5.1': { done: true },
     'install:supports-color@^3.1.0': 
      { package: [Object],
        dir: '/Users/juchao/ToDaM/EagleEyeH5/node_modules/.3.2.3@supports-color' },
     'install:supports-color:range:4.0.0': 
      { package: [Object],
        dir: '/Users/juchao/ToDaM/EagleEyeH5/node_modules/.3.2.3@supports-color' },
     'install:clone@^1.0.2': 
      { package: [Object],
        dir: '/Users/juchao/ToDaM/EagleEyeH5/node_modules/.1.0.4@clone' },
     'install:clone:range:2.0.0': 
      { package: [Object],
        dir: '/Users/juchao/ToDaM/EagleEyeH5/node_modules/.1.0.4@clone' },
     'install:mkdirp@~0.5.0': 
      { package: [Object],
        dir: '/Users/juchao/ToDaM/EagleEyeH5/node_modules/.0.5.1@mkdirp' },
     'install:mkdirp:range:0.6.0': 
      { package: [Object],
        dir: '/Users/juchao/ToDaM/EagleEyeH5/node_modules/.0.5.1@mkdirp' },
     'download:node-libs-browser@0.7.0': { done: true },
     'download:async@1.5.2': { done: true },
     'install:async@^1.3.0': 
      { package: [Object],
        dir: '/Users/juchao/ToDaM/EagleEyeH5/node_modules/.1.5.2@async' },
     'install:async:range:2.0.0': 
      { package: [Object],
        dir: '/Users/juchao/ToDaM/EagleEyeH5/node_modules/.1.5.2@async' },
     'download:enhanced-resolve@0.9.1': { done: true },
     'download:optimist@0.6.1': { done: true },
     'download:watchpack@0.2.9': { done: true },
     'download:tapable@0.1.10': { done: true },
     'download:webpack-core@0.6.9': { done: true },
     'download:memory-fs@0.3.0': { done: true },
     'download:uglify-js@2.7.5': { done: true },
     'install:tapable@~0.1.8': 
      { package: [Object],
        dir: '/Users/juchao/ToDaM/EagleEyeH5/node_modules/.0.1.10@tapable' },
     'install:tapable:range:0.2.0': 
      { package: [Object],
        dir: '/Users/juchao/ToDaM/EagleEyeH5/node_modules/.0.1.10@tapable' },
     'install:node-libs-browser@^0.7.0': 
      { package: [Object],
        dir: '/Users/juchao/ToDaM/EagleEyeH5/node_modules/.0.7.0@node-libs-browser' },
     'install:node-libs-browser:range:0.8.0': 
      { package: [Object],
        dir: '/Users/juchao/ToDaM/EagleEyeH5/node_modules/.0.7.0@node-libs-browser' },
     'install:memory-fs@~0.3.0': 
      { package: [Object],
        dir: '/Users/juchao/ToDaM/EagleEyeH5/node_modules/.0.3.0@memory-fs' },
     'install:memory-fs:range:0.4.0': 
      { package: [Object],
        dir: '/Users/juchao/ToDaM/EagleEyeH5/node_modules/.0.3.0@memory-fs' },
     'install:watchpack@^0.2.1': 
      { package: [Object],
        dir: '/Users/juchao/ToDaM/EagleEyeH5/node_modules/.0.2.9@watchpack' },
     'install:watchpack:range:0.3.0': 
      { package: [Object],
        dir: '/Users/juchao/ToDaM/EagleEyeH5/node_modules/.0.2.9@watchpack' },
     'download:assert@1.4.1': { done: true },
     'install:assert@^1.1.1': 
      { package: [Object],
        dir: '/Users/juchao/ToDaM/EagleEyeH5/node_modules/.1.4.1@assert' },
     'install:assert:range:2.0.0': 
      { package: [Object],
        dir: '/Users/juchao/ToDaM/EagleEyeH5/node_modules/.1.4.1@assert' },
     'download:constants-browserify@1.0.0': { done: true },
     'download:browserify-zlib@0.1.4': { done: true },
     'download:domain-browser@1.2.0': { done: true },
     'install:constants-browserify@^1.0.0': 
      { package: [Object],
        dir: '/Users/juchao/ToDaM/EagleEyeH5/node_modules/.1.0.0@constants-browserify' },
     'install:constants-browserify:range:2.0.0': 
      { package: [Object],
        dir: '/Users/juchao/ToDaM/EagleEyeH5/node_modules/.1.0.0@constants-browserify' },
     'download:https-browserify@0.0.1': { done: true },
     'download:events@1.1.1': { done: true },
     'install:domain-browser@^1.1.1': 
      { package: [Object],
        dir: '/Users/juchao/ToDaM/EagleEyeH5/node_modules/.1.2.0@domain-browser' },
     'install:domain-browser:range:2.0.0': 
      { package: [Object],
        dir: '/Users/juchao/ToDaM/EagleEyeH5/node_modules/.1.2.0@domain-browser' },
     'download:buffer@4.9.1': { done: true },
     'install:events@^1.0.0': 
      { package: [Object],
        dir: '/Users/juchao/ToDaM/EagleEyeH5/node_modules/.1.1.1@events' },
     'install:events:range:2.0.0': 
      { package: [Object],
        dir: '/Users/juchao/ToDaM/EagleEyeH5/node_modules/.1.1.1@events' },
     'download:console-browserify@1.1.0': { done: true },
     'install:buffer@^4.9.0': 
      { package: [Object],
        dir: '/Users/juchao/ToDaM/EagleEyeH5/node_modules/.4.9.1@buffer' },
     'install:buffer:range:5.0.0': 
      { package: [Object],
        dir: '/Users/juchao/ToDaM/EagleEyeH5/node_modules/.4.9.1@buffer' },
     'install:console-browserify@^1.1.0': 
      { package: [Object],
        dir: '/Users/juchao/ToDaM/EagleEyeH5/node_modules/.1.1.0@console-browserify' },
     'install:console-browserify:range:2.0.0': 
      { package: [Object],
        dir: '/Users/juchao/ToDaM/EagleEyeH5/node_modules/.1.1.0@console-browserify' },
     'install:enhanced-resolve@~0.9.0': 
      { package: [Object],
        dir: '/Users/juchao/ToDaM/EagleEyeH5/node_modules/.0.9.1@enhanced-resolve' },
     'install:enhanced-resolve:range:0.10.0': 
      { package: [Object],
        dir: '/Users/juchao/ToDaM/EagleEyeH5/node_modules/.0.9.1@enhanced-resolve' },
     'download:os-browserify@0.2.1': { done: true },
     'download:path-browserify@0.0.0': { done: true },
     'install:path-browserify@0.0.0': 
      { package: [Object],
        dir: '/Users/juchao/ToDaM/EagleEyeH5/node_modules/.0.0.0@path-browserify' },
     'download:stream-browserify@2.0.1': { done: true },
     'install:stream-browserify@^2.0.1': 
      { package: [Object],
        dir: '/Users/juchao/ToDaM/EagleEyeH5/node_modules/.2.0.1@stream-browserify' },
     'install:stream-browserify:range:3.0.0': 
      { package: [Object],
        dir: '/Users/juchao/ToDaM/EagleEyeH5/node_modules/.2.0.1@stream-browserify' },
     'download:punycode@1.4.1': { done: true },
     'download:readable-stream@2.3.6': { done: true },
     'install:punycode@^1.2.4': 
      { package: [Object],
        dir: '/Users/juchao/ToDaM/EagleEyeH5/node_modules/.1.4.1@punycode' },
     'install:punycode:range:2.0.0': 
      { package: [Object],
        dir: '/Users/juchao/ToDaM/EagleEyeH5/node_modules/.1.4.1@punycode' },
     'install:readable-stream@^2.0.5': 
      { package: [Object],
        dir: '/Users/juchao/ToDaM/EagleEyeH5/node_modules/.2.3.6@readable-stream' },
     'install:readable-stream:range:3.0.0': 
      { package: [Object],
        dir: '/Users/juchao/ToDaM/EagleEyeH5/node_modules/.2.3.6@readable-stream' },
     'install:https-browserify@0.0.1': 
      { package: [Object],
        dir: '/Users/juchao/ToDaM/EagleEyeH5/node_modules/.0.0.1@https-browserify' },
     'download:process@0.11.10': { done: true },
     'download:interpret@0.6.6': { done: true },
     'install:process@^0.11.0': 
      { package: [Object],
        dir: '/Users/juchao/ToDaM/EagleEyeH5/node_modules/.0.11.10@process' },
     'install:process:range:0.12.0': 
      { package: [Object],
        dir: '/Users/juchao/ToDaM/EagleEyeH5/node_modules/.0.11.10@process' },
     'download:crypto-browserify@3.3.0': { done: true },
     'download:string_decoder@0.10.31': { done: true },
     'install:string_decoder@^0.10.25': 
      { package: [Object],
        dir: '/Users/juchao/ToDaM/EagleEyeH5/node_modules/.0.10.31@string_decoder' },
     'install:string_decoder:range:0.11.0': 
      { package: [Object],
        dir: '/Users/juchao/ToDaM/EagleEyeH5/node_modules/.0.10.31@string_decoder' },
     'download:querystring-es3@0.2.1': { done: true },
     'install:querystring-es3@^0.2.0': 
      { package: [Object],
        dir: '/Users/juchao/ToDaM/EagleEyeH5/node_modules/.0.2.1@querystring-es3' },
     'install:querystring-es3:range:0.3.0': 
      { package: [Object],
        dir: '/Users/juchao/ToDaM/EagleEyeH5/node_modules/.0.2.1@querystring-es3' },
     'download:url@0.11.0': { done: true },
     'download:timers-browserify@2.0.10': { done: true },
     'install:url@^0.11.0': 
      { package: [Object],
        dir: '/Users/juchao/ToDaM/EagleEyeH5/node_modules/.0.11.0@url' },
     'install:url:range:0.12.0': 
      { package: [Object],
        dir: '/Users/juchao/ToDaM/EagleEyeH5/node_modules/.0.11.0@url' },
     'install:timers-browserify@^2.0.2': 
      { package: [Object],
        dir: '/Users/juchao/ToDaM/EagleEyeH5/node_modules/.2.0.10@timers-browserify' },
     'install:timers-browserify:range:3.0.0': 
      { package: [Object],
        dir: '/Users/juchao/ToDaM/EagleEyeH5/node_modules/.2.0.10@timers-browserify' },
     'install:webpack-core@~0.6.9': 
      { package: [Object],
        dir: '/Users/juchao/ToDaM/EagleEyeH5/node_modules/.0.6.9@webpack-core' },
     'install:webpack-core:range:0.7.0': 
      { package: [Object],
        dir: '/Users/juchao/ToDaM/EagleEyeH5/node_modules/.0.6.9@webpack-core' },
     'install:optimist@~0.6.0': 
      { package: [Object],
        dir: '/Users/juchao/ToDaM/EagleEyeH5/node_modules/.0.6.1@optimist' },
     'install:optimist:range:0.7.0': 
      { package: [Object],
        dir: '/Users/juchao/ToDaM/EagleEyeH5/node_modules/.0.6.1@optimist' },
     'download:tty-browserify@0.0.0': { done: true },
     'install:tty-browserify@0.0.0': 
      { package: [Object],
        dir: '/Users/juchao/ToDaM/EagleEyeH5/node_modules/.0.0.0@tty-browserify' },
     'install:os-browserify@^0.2.0': 
      { package: [Object],
        dir: '/Users/juchao/ToDaM/EagleEyeH5/node_modules/.0.2.1@os-browserify' },
     'install:os-browserify:range:0.3.0': 
      { package: [Object],
        dir: '/Users/juchao/ToDaM/EagleEyeH5/node_modules/.0.2.1@os-browserify' },
     'download:errno@0.1.7': { done: true },
     'install:errno@^0.1.3': 
      { package: [Object],
        dir: '/Users/juchao/ToDaM/EagleEyeH5/node_modules/.0.1.7@errno' },
     'install:errno:range:0.2.0': 
      { package: [Object],
        dir: '/Users/juchao/ToDaM/EagleEyeH5/node_modules/.0.1.7@errno' },
     'download:vm-browserify@0.0.4': { done: true },
     'install:vm-browserify@0.0.4': 
      { package: [Object],
        dir: '/Users/juchao/ToDaM/EagleEyeH5/node_modules/.0.0.4@vm-browserify' },
     'install:interpret@^0.6.4': 
      { package: [Object],
        dir: '/Users/juchao/ToDaM/EagleEyeH5/node_modules/.0.6.6@interpret' },
     'install:interpret:range:0.7.0': 
      { package: [Object],
        dir: '/Users/juchao/ToDaM/EagleEyeH5/node_modules/.0.6.6@interpret' },
     'download:memory-fs@0.2.0': { done: true },
     'download:graceful-fs@4.1.11': { done: true },
     'install:graceful-fs@^4.1.2': 
      { package: [Object],
        dir: '/Users/juchao/ToDaM/EagleEyeH5/node_modules/.4.1.11@graceful-fs' },
     'install:graceful-fs:range:5.0.0': 
      { package: [Object],
        dir: '/Users/juchao/ToDaM/EagleEyeH5/node_modules/.4.1.11@graceful-fs' },
     'download:async@0.9.2': { done: true },
     'download:util@0.10.4': { done: true },
     'install:util@^0.10.3': 
      { package: [Object],
        dir: '/Users/juchao/ToDaM/EagleEyeH5/node_modules/.0.10.4@util' },
     'install:util:range:0.11.0': 
      { package: [Object],
        dir: '/Users/juchao/ToDaM/EagleEyeH5/node_modules/.0.10.4@util' },
     'install:uglify-js@~2.7.3': 
      { package: [Object],
        dir: '/Users/juchao/ToDaM/EagleEyeH5/node_modules/.2.7.5@uglify-js' },
     'install:uglify-js:range:2.8.0': 
      { package: [Object],
        dir: '/Users/juchao/ToDaM/EagleEyeH5/node_modules/.2.7.5@uglify-js' },
     'install:browserify-zlib@^0.1.4': 
      { package: [Object],
        dir: '/Users/juchao/ToDaM/EagleEyeH5/node_modules/.0.1.4@browserify-zlib' },
     'install:browserify-zlib:range:0.2.0': 
      { package: [Object],
        dir: '/Users/juchao/ToDaM/EagleEyeH5/node_modules/.0.1.4@browserify-zlib' },
     'download:stream-http@2.8.3': { done: true },
     'install:stream-http@^2.3.1': 
      { package: [Object],
        dir: '/Users/juchao/ToDaM/EagleEyeH5/node_modules/.2.8.3@stream-http' },
     'install:stream-http:range:3.0.0': 
      { package: [Object],
        dir: '/Users/juchao/ToDaM/EagleEyeH5/node_modules/.2.8.3@stream-http' },
     'install:memory-fs@^0.2.0': 
      { package: [Object],
        dir: '/Users/juchao/ToDaM/EagleEyeH5/node_modules/.0.2.0@memory-fs' },
     'install:memory-fs:range:0.3.0': 
      { package: [Object],
        dir: '/Users/juchao/ToDaM/EagleEyeH5/node_modules/.0.2.0@memory-fs' },
     'install:async@^0.9.0': 
      { package: [Object],
        dir: '/Users/juchao/ToDaM/EagleEyeH5/node_modules/.0.9.2@async' },
     'install:async:range:0.10.0': 
      { package: [Object],
        dir: '/Users/juchao/ToDaM/EagleEyeH5/node_modules/.0.9.2@async' },
     'install:acorn@^3.0.0': 
      { package: [Object],
        dir: '/Users/juchao/ToDaM/EagleEyeH5/node_modules/.3.3.0@acorn' },
     'install:acorn:range:4.0.0': 
      { package: [Object],
        dir: '/Users/juchao/ToDaM/EagleEyeH5/node_modules/.3.3.0@acorn' },
     'download:source-list-map@0.1.8': { done: true },
     'download:wordwrap@0.0.3': { done: true },
     'download:uglify-to-browserify@1.0.2': { done: true },
     'download:source-map@0.4.4': { done: true },
     'install:uglify-to-browserify@~1.0.0': 
      { package: [Object],
        dir: '/Users/juchao/ToDaM/EagleEyeH5/node_modules/.1.0.2@uglify-to-browserify' },
     'install:uglify-to-browserify:range:1.1.0': 
      { package: [Object],
        dir: '/Users/juchao/ToDaM/EagleEyeH5/node_modules/.1.0.2@uglify-to-browserify' },
     'install:source-map@~0.4.1': 
      { package: [Object],
        dir: '/Users/juchao/ToDaM/EagleEyeH5/node_modules/.0.4.4@source-map' },
     'install:source-map:range:0.5.0': 
      { package: [Object],
        dir: '/Users/juchao/ToDaM/EagleEyeH5/node_modules/.0.4.4@source-map' },
     'download:async@0.2.10': { done: true },
     'install:async@~0.2.6': 
      { package: [Object],
        dir: '/Users/juchao/ToDaM/EagleEyeH5/node_modules/.0.2.10@async' },
     'install:async:range:0.3.0': 
      { package: [Object],
        dir: '/Users/juchao/ToDaM/EagleEyeH5/node_modules/.0.2.10@async' },
     'download:source-map@0.5.7': { done: true },
     'install:wordwrap@~0.0.2': 
      { package: [Object],
        dir: '/Users/juchao/ToDaM/EagleEyeH5/node_modules/.0.0.3@wordwrap' },
     'install:wordwrap:range:0.1.0': 
      { package: [Object],
        dir: '/Users/juchao/ToDaM/EagleEyeH5/node_modules/.0.0.3@wordwrap' },
     'install:source-list-map@~0.1.7': 
      { package: [Object],
        dir: '/Users/juchao/ToDaM/EagleEyeH5/node_modules/.0.1.8@source-list-map' },
     'install:source-list-map:range:0.2.0': 
      { package: [Object],
        dir: '/Users/juchao/ToDaM/EagleEyeH5/node_modules/.0.1.8@source-list-map' },
     'install:source-map@~0.5.1': 
      { package: [Object],
        dir: '/Users/juchao/ToDaM/EagleEyeH5/node_modules/.0.5.7@source-map' },
     'install:source-map:range:0.6.0': 
      { package: [Object],
        dir: '/Users/juchao/ToDaM/EagleEyeH5/node_modules/.0.5.7@source-map' },
     'download:pako@0.2.9': { done: true },
     'install:pako@~0.2.0': 
      { package: [Object],
        dir: '/Users/juchao/ToDaM/EagleEyeH5/node_modules/.0.2.9@pako' },
     'install:pako:range:0.3.0': 
      { package: [Object],
        dir: '/Users/juchao/ToDaM/EagleEyeH5/node_modules/.0.2.9@pako' },
     'install:crypto-browserify@3.3.0': 
      { package: [Object],
        dir: '/Users/juchao/ToDaM/EagleEyeH5/node_modules/.3.3.0@crypto-browserify' },
     'download:chokidar@1.7.0': { done: true },
     'download:sha.js@2.2.6': { done: true },
     'download:pbkdf2-compat@2.0.1': { done: true },
     'download:ripemd160@0.2.0': { done: true },
     'download:browserify-aes@0.4.0': { done: true },
     'install:chokidar@^1.0.0': 
      { package: [Object],
        dir: '/Users/juchao/ToDaM/EagleEyeH5/node_modules/.1.7.0@chokidar' },
     'install:chokidar:range:2.0.0': 
      { package: [Object],
        dir: '/Users/juchao/ToDaM/EagleEyeH5/node_modules/.1.7.0@chokidar' },
     'install:readable-stream@^2.0.1': 
      { package: [Object],
        dir: '/Users/juchao/ToDaM/EagleEyeH5/node_modules/.2.3.6@readable-stream' },
     'install:ripemd160@0.2.0': 
      { package: [Object],
        dir: '/Users/juchao/ToDaM/EagleEyeH5/node_modules/.0.2.0@ripemd160' },
     'install:pbkdf2-compat@2.0.1': 
      { package: [Object],
        dir: '/Users/juchao/ToDaM/EagleEyeH5/node_modules/.2.0.1@pbkdf2-compat' },
     'download:async-each@1.0.1': { done: true },
     'install:async-each@^1.0.0': 
      { package: [Object],
        dir: '/Users/juchao/ToDaM/EagleEyeH5/node_modules/.1.0.1@async-each' },
     'install:async-each:range:2.0.0': 
      { package: [Object],
        dir: '/Users/juchao/ToDaM/EagleEyeH5/node_modules/.1.0.1@async-each' },
     'download:is-binary-path@1.0.1': { done: true },
     'install:is-binary-path@^1.0.0': 
      { package: [Object],
        dir: '/Users/juchao/ToDaM/EagleEyeH5/node_modules/.1.0.1@is-binary-path' },
     'install:is-binary-path:range:2.0.0': 
      { package: [Object],
        dir: '/Users/juchao/ToDaM/EagleEyeH5/node_modules/.1.0.1@is-binary-path' },
     'download:glob-parent@2.0.0': { done: true },
     'install:glob-parent@^2.0.0': 
      { package: [Object],
        dir: '/Users/juchao/ToDaM/EagleEyeH5/node_modules/.2.0.0@glob-parent' },
     'install:glob-parent:range:3.0.0': 
      { package: [Object],
        dir: '/Users/juchao/ToDaM/EagleEyeH5/node_modules/.2.0.0@glob-parent' },
     'download:inherits@2.0.3': { done: true },
     'download:fsevents@1.2.4': { done: true },
     'install:inherits@^2.0.1': 
      { package: [Object],
        dir: '/Users/juchao/ToDaM/EagleEyeH5/node_modules/.2.0.3@inherits' },
     'install:inherits:range:3.0.0': 
      { package: [Object],
        dir: '/Users/juchao/ToDaM/EagleEyeH5/node_modules/.2.0.3@inherits' },
     'download:is-glob@2.0.1': { done: true },
     'install:fsevents@^1.0.0': 
      { package: [Object],
        dir: '/Users/juchao/ToDaM/EagleEyeH5/node_modules/.1.2.4@fsevents' },
     'install:fsevents:range:2.0.0': 
      { package: [Object],
        dir: '/Users/juchao/ToDaM/EagleEyeH5/node_modules/.1.2.4@fsevents' },
     'install:is-glob@^2.0.0': 
      { package: [Object],
        dir: '/Users/juchao/ToDaM/EagleEyeH5/node_modules/.2.0.1@is-glob' },
     'install:is-glob:range:3.0.0': 
      { package: [Object],
        dir: '/Users/juchao/ToDaM/EagleEyeH5/node_modules/.2.0.1@is-glob' },
     'download:path-is-absolute@1.0.1': { done: true },
     'install:path-is-absolute@^1.0.0': 
      { package: [Object],
        dir: '/Users/juchao/ToDaM/EagleEyeH5/node_modules/.1.0.1@path-is-absolute' },
     'install:path-is-absolute:range:2.0.0': 
      { package: [Object],
        dir: '/Users/juchao/ToDaM/EagleEyeH5/node_modules/.1.0.1@path-is-absolute' },
     'download:minimist@0.0.10': { done: true },
     'install:minimist@~0.0.1': 
      { package: [Object],
        dir: '/Users/juchao/ToDaM/EagleEyeH5/node_modules/.0.0.10@minimist' },
     'install:minimist:range:0.1.0': 
      { package: [Object],
        dir: '/Users/juchao/ToDaM/EagleEyeH5/node_modules/.0.0.10@minimist' },
     'install:browserify-aes@0.4.0': 
      { package: [Object],
        dir: '/Users/juchao/ToDaM/EagleEyeH5/node_modules/.0.4.0@browserify-aes' },
     'download:yargs@3.10.0': { done: true },
     'install:yargs@~3.10.0': 
      { package: [Object],
        dir: '/Users/juchao/ToDaM/EagleEyeH5/node_modules/.3.10.0@yargs' },
     'install:yargs:range:3.11.0': 
      { package: [Object],
        dir: '/Users/juchao/ToDaM/EagleEyeH5/node_modules/.3.10.0@yargs' },
     'install:sha.js@2.2.6': 
      { package: [Object],
        dir: '/Users/juchao/ToDaM/EagleEyeH5/node_modules/.2.2.6@sha.js' },
     'download:anymatch@1.3.2': { done: true },
     'download:readdirp@2.2.1': { done: true },
     'install:readdirp@^2.0.0': 
      { package: [Object],
        dir: '/Users/juchao/ToDaM/EagleEyeH5/node_modules/.2.2.1@readdirp' },
     'install:readdirp:range:3.0.0': 
      { package: [Object],
        dir: '/Users/juchao/ToDaM/EagleEyeH5/node_modules/.2.2.1@readdirp' },
     'install:anymatch@^1.3.0': 
      { package: [Object],
        dir: '/Users/juchao/ToDaM/EagleEyeH5/node_modules/.1.3.2@anymatch' },
     'install:anymatch:range:2.0.0': 
      { package: [Object],
        dir: '/Users/juchao/ToDaM/EagleEyeH5/node_modules/.1.3.2@anymatch' },
     'download:micromatch@2.3.11': { done: true },
     'download:normalize-path@2.1.1': { done: true },
     'install:micromatch@^2.1.5': 
      { package: [Object],
        dir: '/Users/juchao/ToDaM/EagleEyeH5/node_modules/.2.3.11@micromatch' },
     'install:micromatch:range:3.0.0': 
      { package: [Object],
        dir: '/Users/juchao/ToDaM/EagleEyeH5/node_modules/.2.3.11@micromatch' },
     'install:normalize-path@^2.0.0': 
      { package: [Object],
        dir: '/Users/juchao/ToDaM/EagleEyeH5/node_modules/.2.1.1@normalize-path' },
     'install:normalize-path:range:3.0.0': 
      { package: [Object],
        dir: '/Users/juchao/ToDaM/EagleEyeH5/node_modules/.2.1.1@normalize-path' } },
  targetDir: '/Users/juchao/ToDaM/EagleEyeH5',
  storeDir: '/Users/juchao/ToDaM/EagleEyeH5/node_modules',
  timeout: 60000,
  console: 
   { info: { [Function: disabled] enabled: false, namespace: 'npminstall:index' },
     log: { [Function: disabled] enabled: false, namespace: 'npminstall:index' },
     error: [Function: bound consoleCall],
     warn: [Function: bound consoleCall] },
  start: 1540349675204,
  totalTarballSize: 640953,
  totalJSONSize: 143241,
  totalJSONCount: 102,
  localPackages: 0,
  remotePackages: 0,
  registryPackages: 33,
  gitPackages: 0,
  paddingMessages: 
   [ [ 'warn',
       '%s %s %s',
       '\u001b[35mdeprecate\u001b[39m',
       '\u001b[90mvue-svg-icon@1.2.9\u001b[90m › \u001b[90mbabel-preset-es2015@6.24.1\u001b[39m',
       '🙌  Thanks for using Babel: we recommend using babel-preset-env now: please read babeljs.io/env to update! ' ] ],
  recentlyUpdateMinDateTime: 1539744875204,
  recentlyUpdates: Map {},
  onlyShowTodayUpdateToConsole: true,
  remoteNames: {},
  installRoot: false,
  referer: 'install vue-svg-icon --uuid=23b5fd70-d738-11e8-a73a-390c824e82d7' }